2020-06-15 22:10:50,639[][INFO]-[main]-[org.springframework.boot.test.context.SpringBootTestContextBootstrapper.?:?] Neither @ContextConfiguration nor @ContextHierarchy found for test class [com.binginx.myboot.service.OrderServiceTest], using SpringBootContextLoader
2020-06-15 22:10:50,647[][INFO]-[main]-[org.springframework.test.context.support.AbstractContextLoader.?:?] Could not detect default resource locations for test class [com.binginx.myboot.service.OrderServiceTest]: no resource found for suffixes {-context.xml, Context.groovy}.
2020-06-15 22:10:50,648[][INFO]-[main]-[org.springframework.test.context.support.AnnotationConfigContextLoaderUtils.?:?] Could not detect default configuration classes for test class [com.binginx.myboot.service.OrderServiceTest]: OrderServiceTest does not declare any static, non-private, non-final, nested classes annotated with @Configuration.
2020-06-15 22:10:50,792[][INFO]-[main]-[org.springframework.boot.test.context.SpringBootTestContextBootstrapper.?:?] Found @SpringBootConfiguration com.binginx.myboot.MybootApplication for test class com.binginx.myboot.service.OrderServiceTest
2020-06-15 22:10:50,880[][INFO]-[main]-[org.springframework.boot.test.context.SpringBootTestContextBootstrapper.?:?] Loaded default TestExecutionListener class names from location [META-INF/spring.factories]: [org.springframework.boot.test.mock.mockito.MockitoTestExecutionListener, org.springframework.boot.test.mock.mockito.ResetMocksTestExecutionListener, org.springframework.boot.test.autoconfigure.restdocs.RestDocsTestExecutionListener, org.springframework.boot.test.autoconfigure.web.client.MockRestServiceServerResetTestExecutionListener, org.springframework.boot.test.autoconfigure.web.servlet.MockMvcPrintOnlyOnFailureTestExecutionListener, org.springframework.boot.test.autoconfigure.web.servlet.WebDriverTestExecutionListener, org.springframework.test.context.web.ServletTestExecutionListener, org.springframework.test.context.support.DirtiesContextBeforeModesTestExecutionListener, org.springframework.test.context.support.DependencyInjectionTestExecutionListener, org.springframework.test.context.support.DirtiesContextTestExecutionListener, org.springframework.test.context.transaction.TransactionalTestExecutionListener, org.springframework.test.context.jdbc.SqlScriptsTestExecutionListener, org.springframework.test.context.event.EventPublishingTestExecutionListener]
2020-06-15 22:10:50,894[][INFO]-[main]-[org.springframework.boot.test.context.SpringBootTestContextBootstrapper.?:?] Using TestExecutionListeners: [org.springframework.test.context.web.ServletTestExecutionListener@2cd76f31, org.springframework.test.context.support.DirtiesContextBeforeModesTestExecutionListener@367ffa75, org.springframework.boot.test.mock.mockito.MockitoTestExecutionListener@49438269, org.springframework.boot.test.autoconfigure.SpringBootDependencyInjectionTestExecutionListener@ba2f4ec, org.springframework.test.context.support.DirtiesContextTestExecutionListener@1c1bbc4e, org.springframework.test.context.transaction.TransactionalTestExecutionListener@55fe41ea, org.springframework.test.context.jdbc.SqlScriptsTestExecutionListener@fbd1f6, org.springframework.test.context.event.EventPublishingTestExecutionListener@1ce24091, org.springframework.boot.test.mock.mockito.ResetMocksTestExecutionListener@5dda768f, org.springframework.boot.test.autoconfigure.restdocs.RestDocsTestExecutionListener@7a8c8dcf, org.springframework.boot.test.autoconfigure.web.client.MockRestServiceServerResetTestExecutionListener@24269709, org.springframework.boot.test.autoconfigure.web.servlet.MockMvcPrintOnlyOnFailureTestExecutionListener@2aceadd4, org.springframework.boot.test.autoconfigure.web.servlet.WebDriverTestExecutionListener@24aed80c]
2020-06-15 22:10:50,979[][INFO]-[background-preinit]-[org.hibernate.validator.internal.util.Version.?:?] HV000001: Hibernate Validator 6.0.18.Final
2020-06-15 22:10:51,230[][INFO]-[main]-[com.binginx.myboot.service.OrderServiceTest.?:?] Starting OrderServiceTest on AppledeMBP.lan with PID 30005 (started by binginx in /Users/binginx/IdeaProjects/myboot)
2020-06-15 22:10:51,230[][INFO]-[main]-[com.binginx.myboot.service.OrderServiceTest.?:?] No active profile set, falling back to default profiles: default
2020-06-15 22:10:51,907[][INFO]-[main]-[org.springframework.data.repository.config.RepositoryConfigurationDelegate.?:?] Multiple Spring Data modules found, entering strict repository configuration mode!
2020-06-15 22:10:51,911[][INFO]-[main]-[org.springframework.data.repository.config.RepositoryConfigurationDelegate.?:?] Bootstrapping Spring Data Redis repositories in DEFAULT mode.
2020-06-15 22:10:51,943[][INFO]-[main]-[org.springframework.data.repository.config.RepositoryConfigurationDelegate.?:?] Finished Spring Data repository scanning in 19ms. Found 0 Redis repository interfaces.
2020-06-15 22:10:52,419[][INFO]-[main]-[org.springframework.context.support.PostProcessorRegistrationDelegate$BeanPostProcessorChecker.?:?] Bean 'org.springframework.transaction.annotation.ProxyTransactionManagementConfiguration' of type [org.springframework.transaction.annotation.ProxyTransactionManagementConfiguration] is not eligible for getting processed by all BeanPostProcessors (for example: not eligible for auto-proxying)
2020-06-15 22:10:53,059[][INFO]-[main]-[org.springframework.scheduling.concurrent.ThreadPoolTaskExecutor.?:?] Initializing ExecutorService 'bootAsyncExecutor'
2020-06-15 22:10:54,234[][INFO]-[main]-[com.binginx.myboot.service.OrderServiceTest.?:?] Started OrderServiceTest in 3.295 seconds (JVM running for 4.27)
2020-06-15 22:10:54,410[][INFO]-[main]-[com.binginx.myboot.service.OrderService.?:?] {mciCluster1=191001|300504, mciCluster2=191010|160400|176000|176126, mciCluster3=191010|160400|176000|176126, mciCluster4=191001|300504|191010|160400|176000|176126}
2020-06-15 22:10:54,411[][INFO]-[main]-[com.binginx.myboot.service.OrderService.?:?] 191001|300504
2020-06-15 22:10:54,411[][INFO]-[main]-[com.binginx.myboot.service.OrderService.?:?] 191010|160400|176000|176126
2020-06-15 22:10:54,411[][INFO]-[main]-[com.binginx.myboot.service.OrderService.?:?] 191010|160400|176000|176126
2020-06-15 22:10:54,411[][INFO]-[main]-[com.binginx.myboot.service.OrderService.?:?] 191001|300504|191010|160400|176000|176126
2020-06-15 22:10:54,411[][INFO]-[main]-[com.binginx.myboot.service.OrderService.?:?] {1={191001=cltNo, 300504=cifNo}, 2={191001=cltNo, 300504=cifNo}}
2020-06-15 22:10:54,411[][INFO]-[main]-[com.binginx.myboot.service.OrderService.?:?] cltNo
2020-06-15 22:10:54,411[][INFO]-[main]-[com.binginx.myboot.service.OrderService.?:?] {300504={1=cifNo}, 191001={2=cltNo}, 191010={2=cltNo}, 160400={1=cifNo}, 176000={1=cifNbr}, 176126={1=cifNbr}}
2020-06-15 22:10:54,411[][INFO]-[main]-[com.binginx.myboot.service.OrderService.?:?] cltNo
2020-06-15 22:10:54,431[][INFO]-[SpringContextShutdownHook]-[org.springframework.scheduling.concurrent.ThreadPoolTaskExecutor.?:?] Shutting down ExecutorService 'bootAsyncExecutor'
