2020-06-15 21:58:42,651[][org.springframework.boot.test.context.SpringBootTestContextBootstrapper]-[INFO] Neither @ContextConfiguration nor @ContextHierarchy found for test class [com.binginx.myboot.service.OrderServiceTest], using SpringBootContextLoader
2020-06-15 21:58:42,660[][org.springframework.test.context.support.AbstractContextLoader]-[INFO] Could not detect default resource locations for test class [com.binginx.myboot.service.OrderServiceTest]: no resource found for suffixes {-context.xml, Context.groovy}.
2020-06-15 21:58:42,661[][org.springframework.test.context.support.AnnotationConfigContextLoaderUtils]-[INFO] Could not detect default configuration classes for test class [com.binginx.myboot.service.OrderServiceTest]: OrderServiceTest does not declare any static, non-private, non-final, nested classes annotated with @Configuration.
2020-06-15 21:58:42,805[][org.springframework.boot.test.context.SpringBootTestContextBootstrapper]-[INFO] Found @SpringBootConfiguration com.binginx.myboot.MybootApplication for test class com.binginx.myboot.service.OrderServiceTest
2020-06-15 21:58:42,898[][org.springframework.boot.test.context.SpringBootTestContextBootstrapper]-[INFO] Loaded default TestExecutionListener class names from location [META-INF/spring.factories]: [org.springframework.boot.test.mock.mockito.MockitoTestExecutionListener, org.springframework.boot.test.mock.mockito.ResetMocksTestExecutionListener, org.springframework.boot.test.autoconfigure.restdocs.RestDocsTestExecutionListener, org.springframework.boot.test.autoconfigure.web.client.MockRestServiceServerResetTestExecutionListener, org.springframework.boot.test.autoconfigure.web.servlet.MockMvcPrintOnlyOnFailureTestExecutionListener, org.springframework.boot.test.autoconfigure.web.servlet.WebDriverTestExecutionListener, org.springframework.test.context.web.ServletTestExecutionListener, org.springframework.test.context.support.DirtiesContextBeforeModesTestExecutionListener, org.springframework.test.context.support.DependencyInjectionTestExecutionListener, org.springframework.test.context.support.DirtiesContextTestExecutionListener, org.springframework.test.context.transaction.TransactionalTestExecutionListener, org.springframework.test.context.jdbc.SqlScriptsTestExecutionListener, org.springframework.test.context.event.EventPublishingTestExecutionListener]
2020-06-15 21:58:42,913[][org.springframework.boot.test.context.SpringBootTestContextBootstrapper]-[INFO] Using TestExecutionListeners: [org.springframework.test.context.web.ServletTestExecutionListener@fbd1f6, org.springframework.test.context.support.DirtiesContextBeforeModesTestExecutionListener@1ce24091, org.springframework.boot.test.mock.mockito.MockitoTestExecutionListener@5dda768f, org.springframework.boot.test.autoconfigure.SpringBootDependencyInjectionTestExecutionListener@7a8c8dcf, org.springframework.test.context.support.DirtiesContextTestExecutionListener@24269709, org.springframework.test.context.transaction.TransactionalTestExecutionListener@2aceadd4, org.springframework.test.context.jdbc.SqlScriptsTestExecutionListener@24aed80c, org.springframework.test.context.event.EventPublishingTestExecutionListener@3a52dba3, org.springframework.boot.test.mock.mockito.ResetMocksTestExecutionListener@2a5c8d3f, org.springframework.boot.test.autoconfigure.restdocs.RestDocsTestExecutionListener@752325ad, org.springframework.boot.test.autoconfigure.web.client.MockRestServiceServerResetTestExecutionListener@279fedbd, org.springframework.boot.test.autoconfigure.web.servlet.MockMvcPrintOnlyOnFailureTestExecutionListener@b3ca52e, org.springframework.boot.test.autoconfigure.web.servlet.WebDriverTestExecutionListener@45c7e403]
2020-06-15 21:58:42,999[][org.hibernate.validator.internal.util.Version]-[INFO] HV000001: Hibernate Validator 6.0.18.Final
2020-06-15 21:58:43,308[][com.binginx.myboot.service.OrderServiceTest]-[INFO] Starting OrderServiceTest on AppledeMBP.lan with PID 29744 (started by binginx in /Users/binginx/IdeaProjects/myboot)
2020-06-15 21:58:43,309[][com.binginx.myboot.service.OrderServiceTest]-[INFO] No active profile set, falling back to default profiles: default
2020-06-15 21:58:43,966[][org.springframework.data.repository.config.RepositoryConfigurationDelegate]-[INFO] Multiple Spring Data modules found, entering strict repository configuration mode!
2020-06-15 21:58:43,969[][org.springframework.data.repository.config.RepositoryConfigurationDelegate]-[INFO] Bootstrapping Spring Data Redis repositories in DEFAULT mode.
2020-06-15 21:58:43,999[][org.springframework.data.repository.config.RepositoryConfigurationDelegate]-[INFO] Finished Spring Data repository scanning in 17ms. Found 0 Redis repository interfaces.
2020-06-15 21:58:44,518[][org.springframework.context.support.PostProcessorRegistrationDelegate$BeanPostProcessorChecker]-[INFO] Bean 'org.springframework.transaction.annotation.ProxyTransactionManagementConfiguration' of type [org.springframework.transaction.annotation.ProxyTransactionManagementConfiguration] is not eligible for getting processed by all BeanPostProcessors (for example: not eligible for auto-proxying)
2020-06-15 21:58:45,156[][org.springframework.scheduling.concurrent.ThreadPoolTaskExecutor]-[INFO] Initializing ExecutorService 'bootAsyncExecutor'
2020-06-15 21:58:46,290[][com.binginx.myboot.service.OrderServiceTest]-[INFO] Started OrderServiceTest in 3.33 seconds (JVM running for 4.295)
2020-06-15 21:58:46,482[][com.binginx.myboot.service.OrderService]-[INFO] {mciCluster1=191001|300504, mciCluster2=191010|160400|176000|176126, mciCluster3=191010|160400|176000|176126, mciCluster4=191001|300504|191010|160400|176000|176126}
2020-06-15 21:58:46,482[][com.binginx.myboot.service.OrderService]-[INFO] 191001|300504
2020-06-15 21:58:46,482[][com.binginx.myboot.service.OrderService]-[INFO] 191010|160400|176000|176126
2020-06-15 21:58:46,482[][com.binginx.myboot.service.OrderService]-[INFO] 191010|160400|176000|176126
2020-06-15 21:58:46,482[][com.binginx.myboot.service.OrderService]-[INFO] 191001|300504|191010|160400|176000|176126
2020-06-15 21:58:46,482[][com.binginx.myboot.service.OrderService]-[INFO] {1={191001=cltNo, 300504=cifNo}, 2={191001=cltNo, 300504=cifNo}}
2020-06-15 21:58:46,482[][com.binginx.myboot.service.OrderService]-[INFO] cltNo
2020-06-15 21:58:46,482[][com.binginx.myboot.service.OrderService]-[INFO] {300504={1=cifNo}, 191001={2=cltNo}, 191010={2=cltNo}, 160400={1=cifNo}, 176000={1=cifNbr}, 176126={1=cifNbr}}
2020-06-15 21:58:46,482[][com.binginx.myboot.service.OrderService]-[INFO] cltNo
2020-06-15 21:58:46,507[][org.springframework.scheduling.concurrent.ThreadPoolTaskExecutor]-[INFO] Shutting down ExecutorService 'bootAsyncExecutor'
2020-06-15 22:00:15,064[][org.springframework.boot.test.context.SpringBootTestContextBootstrapper?]-[INFO] Neither @ContextConfiguration nor @ContextHierarchy found for test class [com.binginx.myboot.service.OrderServiceTest], using SpringBootContextLoader
2020-06-15 22:00:15,072[][org.springframework.test.context.support.AbstractContextLoader?]-[INFO] Could not detect default resource locations for test class [com.binginx.myboot.service.OrderServiceTest]: no resource found for suffixes {-context.xml, Context.groovy}.
2020-06-15 22:00:15,073[][org.springframework.test.context.support.AnnotationConfigContextLoaderUtils?]-[INFO] Could not detect default configuration classes for test class [com.binginx.myboot.service.OrderServiceTest]: OrderServiceTest does not declare any static, non-private, non-final, nested classes annotated with @Configuration.
2020-06-15 22:00:15,230[][org.springframework.boot.test.context.SpringBootTestContextBootstrapper?]-[INFO] Found @SpringBootConfiguration com.binginx.myboot.MybootApplication for test class com.binginx.myboot.service.OrderServiceTest
2020-06-15 22:00:15,325[][org.springframework.boot.test.context.SpringBootTestContextBootstrapper?]-[INFO] Loaded default TestExecutionListener class names from location [META-INF/spring.factories]: [org.springframework.boot.test.mock.mockito.MockitoTestExecutionListener, org.springframework.boot.test.mock.mockito.ResetMocksTestExecutionListener, org.springframework.boot.test.autoconfigure.restdocs.RestDocsTestExecutionListener, org.springframework.boot.test.autoconfigure.web.client.MockRestServiceServerResetTestExecutionListener, org.springframework.boot.test.autoconfigure.web.servlet.MockMvcPrintOnlyOnFailureTestExecutionListener, org.springframework.boot.test.autoconfigure.web.servlet.WebDriverTestExecutionListener, org.springframework.test.context.web.ServletTestExecutionListener, org.springframework.test.context.support.DirtiesContextBeforeModesTestExecutionListener, org.springframework.test.context.support.DependencyInjectionTestExecutionListener, org.springframework.test.context.support.DirtiesContextTestExecutionListener, org.springframework.test.context.transaction.TransactionalTestExecutionListener, org.springframework.test.context.jdbc.SqlScriptsTestExecutionListener, org.springframework.test.context.event.EventPublishingTestExecutionListener]
2020-06-15 22:00:15,341[][org.springframework.boot.test.context.SpringBootTestContextBootstrapper?]-[INFO] Using TestExecutionListeners: [org.springframework.test.context.web.ServletTestExecutionListener@fbd1f6, org.springframework.test.context.support.DirtiesContextBeforeModesTestExecutionListener@1ce24091, org.springframework.boot.test.mock.mockito.MockitoTestExecutionListener@5dda768f, org.springframework.boot.test.autoconfigure.SpringBootDependencyInjectionTestExecutionListener@7a8c8dcf, org.springframework.test.context.support.DirtiesContextTestExecutionListener@24269709, org.springframework.test.context.transaction.TransactionalTestExecutionListener@2aceadd4, org.springframework.test.context.jdbc.SqlScriptsTestExecutionListener@24aed80c, org.springframework.test.context.event.EventPublishingTestExecutionListener@3a52dba3, org.springframework.boot.test.mock.mockito.ResetMocksTestExecutionListener@2a5c8d3f, org.springframework.boot.test.autoconfigure.restdocs.RestDocsTestExecutionListener@752325ad, org.springframework.boot.test.autoconfigure.web.client.MockRestServiceServerResetTestExecutionListener@279fedbd, org.springframework.boot.test.autoconfigure.web.servlet.MockMvcPrintOnlyOnFailureTestExecutionListener@b3ca52e, org.springframework.boot.test.autoconfigure.web.servlet.WebDriverTestExecutionListener@45c7e403]
2020-06-15 22:00:15,429[][org.hibernate.validator.internal.util.Version?]-[INFO] HV000001: Hibernate Validator 6.0.18.Final
2020-06-15 22:00:15,753[][com.binginx.myboot.service.OrderServiceTest?]-[INFO] Starting OrderServiceTest on AppledeMBP.lan with PID 29811 (started by binginx in /Users/binginx/IdeaProjects/myboot)
2020-06-15 22:00:15,755[][com.binginx.myboot.service.OrderServiceTest?]-[INFO] No active profile set, falling back to default profiles: default
2020-06-15 22:00:16,558[][org.springframework.data.repository.config.RepositoryConfigurationDelegate?]-[INFO] Multiple Spring Data modules found, entering strict repository configuration mode!
2020-06-15 22:00:16,562[][org.springframework.data.repository.config.RepositoryConfigurationDelegate?]-[INFO] Bootstrapping Spring Data Redis repositories in DEFAULT mode.
2020-06-15 22:00:16,608[][org.springframework.data.repository.config.RepositoryConfigurationDelegate?]-[INFO] Finished Spring Data repository scanning in 28ms. Found 0 Redis repository interfaces.
2020-06-15 22:00:17,128[][org.springframework.context.support.PostProcessorRegistrationDelegate$BeanPostProcessorChecker?]-[INFO] Bean 'org.springframework.transaction.annotation.ProxyTransactionManagementConfiguration' of type [org.springframework.transaction.annotation.ProxyTransactionManagementConfiguration] is not eligible for getting processed by all BeanPostProcessors (for example: not eligible for auto-proxying)
2020-06-15 22:00:17,763[][org.springframework.scheduling.concurrent.ThreadPoolTaskExecutor?]-[INFO] Initializing ExecutorService 'bootAsyncExecutor'
2020-06-15 22:00:18,892[][com.binginx.myboot.service.OrderServiceTest?]-[INFO] Started OrderServiceTest in 3.503 seconds (JVM running for 4.535)
2020-06-15 22:00:19,069[][com.binginx.myboot.service.OrderService?]-[INFO] {mciCluster1=191001|300504, mciCluster2=191010|160400|176000|176126, mciCluster3=191010|160400|176000|176126, mciCluster4=191001|300504|191010|160400|176000|176126}
2020-06-15 22:00:19,069[][com.binginx.myboot.service.OrderService?]-[INFO] 191001|300504
2020-06-15 22:00:19,069[][com.binginx.myboot.service.OrderService?]-[INFO] 191010|160400|176000|176126
2020-06-15 22:00:19,069[][com.binginx.myboot.service.OrderService?]-[INFO] 191010|160400|176000|176126
2020-06-15 22:00:19,069[][com.binginx.myboot.service.OrderService?]-[INFO] 191001|300504|191010|160400|176000|176126
2020-06-15 22:00:19,069[][com.binginx.myboot.service.OrderService?]-[INFO] {1={191001=cltNo, 300504=cifNo}, 2={191001=cltNo, 300504=cifNo}}
2020-06-15 22:00:19,069[][com.binginx.myboot.service.OrderService?]-[INFO] cltNo
2020-06-15 22:00:19,069[][com.binginx.myboot.service.OrderService?]-[INFO] {300504={1=cifNo}, 191001={2=cltNo}, 191010={2=cltNo}, 160400={1=cifNo}, 176000={1=cifNbr}, 176126={1=cifNbr}}
2020-06-15 22:00:19,069[][com.binginx.myboot.service.OrderService?]-[INFO] cltNo
2020-06-15 22:00:19,091[][org.springframework.scheduling.concurrent.ThreadPoolTaskExecutor?]-[INFO] Shutting down ExecutorService 'bootAsyncExecutor'
2020-06-15 22:01:40,554[][org.springframework.boot.test.context.SpringBootTestContextBootstrapper.?:?]-[INFO] Neither @ContextConfiguration nor @ContextHierarchy found for test class [com.binginx.myboot.service.OrderServiceTest], using SpringBootContextLoader
2020-06-15 22:01:40,561[][org.springframework.test.context.support.AbstractContextLoader.?:?]-[INFO] Could not detect default resource locations for test class [com.binginx.myboot.service.OrderServiceTest]: no resource found for suffixes {-context.xml, Context.groovy}.
2020-06-15 22:01:40,562[][org.springframework.test.context.support.AnnotationConfigContextLoaderUtils.?:?]-[INFO] Could not detect default configuration classes for test class [com.binginx.myboot.service.OrderServiceTest]: OrderServiceTest does not declare any static, non-private, non-final, nested classes annotated with @Configuration.
2020-06-15 22:01:40,713[][org.springframework.boot.test.context.SpringBootTestContextBootstrapper.?:?]-[INFO] Found @SpringBootConfiguration com.binginx.myboot.MybootApplication for test class com.binginx.myboot.service.OrderServiceTest
2020-06-15 22:01:40,817[][org.springframework.boot.test.context.SpringBootTestContextBootstrapper.?:?]-[INFO] Loaded default TestExecutionListener class names from location [META-INF/spring.factories]: [org.springframework.boot.test.mock.mockito.MockitoTestExecutionListener, org.springframework.boot.test.mock.mockito.ResetMocksTestExecutionListener, org.springframework.boot.test.autoconfigure.restdocs.RestDocsTestExecutionListener, org.springframework.boot.test.autoconfigure.web.client.MockRestServiceServerResetTestExecutionListener, org.springframework.boot.test.autoconfigure.web.servlet.MockMvcPrintOnlyOnFailureTestExecutionListener, org.springframework.boot.test.autoconfigure.web.servlet.WebDriverTestExecutionListener, org.springframework.test.context.web.ServletTestExecutionListener, org.springframework.test.context.support.DirtiesContextBeforeModesTestExecutionListener, org.springframework.test.context.support.DependencyInjectionTestExecutionListener, org.springframework.test.context.support.DirtiesContextTestExecutionListener, org.springframework.test.context.transaction.TransactionalTestExecutionListener, org.springframework.test.context.jdbc.SqlScriptsTestExecutionListener, org.springframework.test.context.event.EventPublishingTestExecutionListener]
2020-06-15 22:01:40,833[][org.springframework.boot.test.context.SpringBootTestContextBootstrapper.?:?]-[INFO] Using TestExecutionListeners: [org.springframework.test.context.web.ServletTestExecutionListener@fbd1f6, org.springframework.test.context.support.DirtiesContextBeforeModesTestExecutionListener@1ce24091, org.springframework.boot.test.mock.mockito.MockitoTestExecutionListener@5dda768f, org.springframework.boot.test.autoconfigure.SpringBootDependencyInjectionTestExecutionListener@7a8c8dcf, org.springframework.test.context.support.DirtiesContextTestExecutionListener@24269709, org.springframework.test.context.transaction.TransactionalTestExecutionListener@2aceadd4, org.springframework.test.context.jdbc.SqlScriptsTestExecutionListener@24aed80c, org.springframework.test.context.event.EventPublishingTestExecutionListener@3a52dba3, org.springframework.boot.test.mock.mockito.ResetMocksTestExecutionListener@2a5c8d3f, org.springframework.boot.test.autoconfigure.restdocs.RestDocsTestExecutionListener@752325ad, org.springframework.boot.test.autoconfigure.web.client.MockRestServiceServerResetTestExecutionListener@279fedbd, org.springframework.boot.test.autoconfigure.web.servlet.MockMvcPrintOnlyOnFailureTestExecutionListener@b3ca52e, org.springframework.boot.test.autoconfigure.web.servlet.WebDriverTestExecutionListener@45c7e403]
2020-06-15 22:01:40,953[][org.hibernate.validator.internal.util.Version.?:?]-[INFO] HV000001: Hibernate Validator 6.0.18.Final
2020-06-15 22:01:41,345[][com.binginx.myboot.service.OrderServiceTest.?:?]-[INFO] Starting OrderServiceTest on AppledeMBP.lan with PID 29834 (started by binginx in /Users/binginx/IdeaProjects/myboot)
2020-06-15 22:01:41,345[][com.binginx.myboot.service.OrderServiceTest.?:?]-[INFO] No active profile set, falling back to default profiles: default
2020-06-15 22:01:42,178[][org.springframework.data.repository.config.RepositoryConfigurationDelegate.?:?]-[INFO] Multiple Spring Data modules found, entering strict repository configuration mode!
2020-06-15 22:01:42,182[][org.springframework.data.repository.config.RepositoryConfigurationDelegate.?:?]-[INFO] Bootstrapping Spring Data Redis repositories in DEFAULT mode.
2020-06-15 22:01:42,232[][org.springframework.data.repository.config.RepositoryConfigurationDelegate.?:?]-[INFO] Finished Spring Data repository scanning in 33ms. Found 0 Redis repository interfaces.
2020-06-15 22:01:42,736[][org.springframework.context.support.PostProcessorRegistrationDelegate$BeanPostProcessorChecker.?:?]-[INFO] Bean 'org.springframework.transaction.annotation.ProxyTransactionManagementConfiguration' of type [org.springframework.transaction.annotation.ProxyTransactionManagementConfiguration] is not eligible for getting processed by all BeanPostProcessors (for example: not eligible for auto-proxying)
2020-06-15 22:01:43,368[][org.springframework.scheduling.concurrent.ThreadPoolTaskExecutor.?:?]-[INFO] Initializing ExecutorService 'bootAsyncExecutor'
2020-06-15 22:01:44,521[][com.binginx.myboot.service.OrderServiceTest.?:?]-[INFO] Started OrderServiceTest in 3.633 seconds (JVM running for 4.669)
2020-06-15 22:01:44,699[][com.binginx.myboot.service.OrderService.?:?]-[INFO] {mciCluster1=191001|300504, mciCluster2=191010|160400|176000|176126, mciCluster3=191010|160400|176000|176126, mciCluster4=191001|300504|191010|160400|176000|176126}
2020-06-15 22:01:44,699[][com.binginx.myboot.service.OrderService.?:?]-[INFO] 191001|300504
2020-06-15 22:01:44,699[][com.binginx.myboot.service.OrderService.?:?]-[INFO] 191010|160400|176000|176126
2020-06-15 22:01:44,699[][com.binginx.myboot.service.OrderService.?:?]-[INFO] 191010|160400|176000|176126
2020-06-15 22:01:44,699[][com.binginx.myboot.service.OrderService.?:?]-[INFO] 191001|300504|191010|160400|176000|176126
2020-06-15 22:01:44,699[][com.binginx.myboot.service.OrderService.?:?]-[INFO] {1={191001=cltNo, 300504=cifNo}, 2={191001=cltNo, 300504=cifNo}}
2020-06-15 22:01:44,699[][com.binginx.myboot.service.OrderService.?:?]-[INFO] cltNo
2020-06-15 22:01:44,699[][com.binginx.myboot.service.OrderService.?:?]-[INFO] {300504={1=cifNo}, 191001={2=cltNo}, 191010={2=cltNo}, 160400={1=cifNo}, 176000={1=cifNbr}, 176126={1=cifNbr}}
2020-06-15 22:01:44,699[][com.binginx.myboot.service.OrderService.?:?]-[INFO] cltNo
2020-06-15 22:01:44,721[][org.springframework.scheduling.concurrent.ThreadPoolTaskExecutor.?:?]-[INFO] Shutting down ExecutorService 'bootAsyncExecutor'
2020-06-15 22:07:06,711[][INFO]-[main]-[org.springframework.boot.test.context.SpringBootTestContextBootstrapper.?:?] Neither @ContextConfiguration nor @ContextHierarchy found for test class [com.binginx.myboot.service.OrderServiceTest], using SpringBootContextLoader
2020-06-15 22:07:06,721[][INFO]-[main]-[org.springframework.test.context.support.AbstractContextLoader.?:?] Could not detect default resource locations for test class [com.binginx.myboot.service.OrderServiceTest]: no resource found for suffixes {-context.xml, Context.groovy}.
2020-06-15 22:07:06,722[][INFO]-[main]-[org.springframework.test.context.support.AnnotationConfigContextLoaderUtils.?:?] Could not detect default configuration classes for test class [com.binginx.myboot.service.OrderServiceTest]: OrderServiceTest does not declare any static, non-private, non-final, nested classes annotated with @Configuration.
2020-06-15 22:07:06,890[][INFO]-[main]-[org.springframework.boot.test.context.SpringBootTestContextBootstrapper.?:?] Found @SpringBootConfiguration com.binginx.myboot.MybootApplication for test class com.binginx.myboot.service.OrderServiceTest
2020-06-15 22:07:06,986[][INFO]-[main]-[org.springframework.boot.test.context.SpringBootTestContextBootstrapper.?:?] Loaded default TestExecutionListener class names from location [META-INF/spring.factories]: [org.springframework.boot.test.mock.mockito.MockitoTestExecutionListener, org.springframework.boot.test.mock.mockito.ResetMocksTestExecutionListener, org.springframework.boot.test.autoconfigure.restdocs.RestDocsTestExecutionListener, org.springframework.boot.test.autoconfigure.web.client.MockRestServiceServerResetTestExecutionListener, org.springframework.boot.test.autoconfigure.web.servlet.MockMvcPrintOnlyOnFailureTestExecutionListener, org.springframework.boot.test.autoconfigure.web.servlet.WebDriverTestExecutionListener, org.springframework.test.context.web.ServletTestExecutionListener, org.springframework.test.context.support.DirtiesContextBeforeModesTestExecutionListener, org.springframework.test.context.support.DependencyInjectionTestExecutionListener, org.springframework.test.context.support.DirtiesContextTestExecutionListener, org.springframework.test.context.transaction.TransactionalTestExecutionListener, org.springframework.test.context.jdbc.SqlScriptsTestExecutionListener, org.springframework.test.context.event.EventPublishingTestExecutionListener]
2020-06-15 22:07:07,001[][INFO]-[main]-[org.springframework.boot.test.context.SpringBootTestContextBootstrapper.?:?] Using TestExecutionListeners: [org.springframework.test.context.web.ServletTestExecutionListener@fbd1f6, org.springframework.test.context.support.DirtiesContextBeforeModesTestExecutionListener@1ce24091, org.springframework.boot.test.mock.mockito.MockitoTestExecutionListener@5dda768f, org.springframework.boot.test.autoconfigure.SpringBootDependencyInjectionTestExecutionListener@7a8c8dcf, org.springframework.test.context.support.DirtiesContextTestExecutionListener@24269709, org.springframework.test.context.transaction.TransactionalTestExecutionListener@2aceadd4, org.springframework.test.context.jdbc.SqlScriptsTestExecutionListener@24aed80c, org.springframework.test.context.event.EventPublishingTestExecutionListener@3a52dba3, org.springframework.boot.test.mock.mockito.ResetMocksTestExecutionListener@2a5c8d3f, org.springframework.boot.test.autoconfigure.restdocs.RestDocsTestExecutionListener@752325ad, org.springframework.boot.test.autoconfigure.web.client.MockRestServiceServerResetTestExecutionListener@279fedbd, org.springframework.boot.test.autoconfigure.web.servlet.MockMvcPrintOnlyOnFailureTestExecutionListener@b3ca52e, org.springframework.boot.test.autoconfigure.web.servlet.WebDriverTestExecutionListener@45c7e403]
2020-06-15 22:07:07,088[][INFO]-[background-preinit]-[org.hibernate.validator.internal.util.Version.?:?] HV000001: Hibernate Validator 6.0.18.Final
2020-06-15 22:07:07,330[][INFO]-[main]-[com.binginx.myboot.service.OrderServiceTest.?:?] Starting OrderServiceTest on AppledeMBP.lan with PID 29941 (started by binginx in /Users/binginx/IdeaProjects/myboot)
2020-06-15 22:07:07,330[][INFO]-[main]-[com.binginx.myboot.service.OrderServiceTest.?:?] No active profile set, falling back to default profiles: default
2020-06-15 22:07:08,031[][INFO]-[main]-[org.springframework.data.repository.config.RepositoryConfigurationDelegate.?:?] Multiple Spring Data modules found, entering strict repository configuration mode!
2020-06-15 22:07:08,034[][INFO]-[main]-[org.springframework.data.repository.config.RepositoryConfigurationDelegate.?:?] Bootstrapping Spring Data Redis repositories in DEFAULT mode.
2020-06-15 22:07:08,073[][INFO]-[main]-[org.springframework.data.repository.config.RepositoryConfigurationDelegate.?:?] Finished Spring Data repository scanning in 24ms. Found 0 Redis repository interfaces.
2020-06-15 22:07:08,548[][INFO]-[main]-[org.springframework.context.support.PostProcessorRegistrationDelegate$BeanPostProcessorChecker.?:?] Bean 'org.springframework.transaction.annotation.ProxyTransactionManagementConfiguration' of type [org.springframework.transaction.annotation.ProxyTransactionManagementConfiguration] is not eligible for getting processed by all BeanPostProcessors (for example: not eligible for auto-proxying)
2020-06-15 22:07:09,177[][INFO]-[main]-[org.springframework.scheduling.concurrent.ThreadPoolTaskExecutor.?:?] Initializing ExecutorService 'bootAsyncExecutor'
2020-06-15 22:07:10,293[][INFO]-[main]-[com.binginx.myboot.service.OrderServiceTest.?:?] Started OrderServiceTest in 3.243 seconds (JVM running for 4.324)
2020-06-15 22:07:10,480[][INFO]-[main]-[com.binginx.myboot.service.OrderService.?:?] {mciCluster1=191001|300504, mciCluster2=191010|160400|176000|176126, mciCluster3=191010|160400|176000|176126, mciCluster4=191001|300504|191010|160400|176000|176126}
2020-06-15 22:07:10,481[][INFO]-[main]-[com.binginx.myboot.service.OrderService.?:?] 191001|300504
2020-06-15 22:07:10,481[][INFO]-[main]-[com.binginx.myboot.service.OrderService.?:?] 191010|160400|176000|176126
2020-06-15 22:07:10,481[][INFO]-[main]-[com.binginx.myboot.service.OrderService.?:?] 191010|160400|176000|176126
2020-06-15 22:07:10,481[][INFO]-[main]-[com.binginx.myboot.service.OrderService.?:?] 191001|300504|191010|160400|176000|176126
2020-06-15 22:07:10,481[][INFO]-[main]-[com.binginx.myboot.service.OrderService.?:?] {1={191001=cltNo, 300504=cifNo}, 2={191001=cltNo, 300504=cifNo}}
2020-06-15 22:07:10,481[][INFO]-[main]-[com.binginx.myboot.service.OrderService.?:?] cltNo
2020-06-15 22:07:10,481[][INFO]-[main]-[com.binginx.myboot.service.OrderService.?:?] {300504={1=cifNo}, 191001={2=cltNo}, 191010={2=cltNo}, 160400={1=cifNo}, 176000={1=cifNbr}, 176126={1=cifNbr}}
2020-06-15 22:07:10,481[][INFO]-[main]-[com.binginx.myboot.service.OrderService.?:?] cltNo
2020-06-15 22:07:10,502[][INFO]-[SpringContextShutdownHook]-[org.springframework.scheduling.concurrent.ThreadPoolTaskExecutor.?:?] Shutting down ExecutorService 'bootAsyncExecutor'
2020-06-15 22:12:58,445[][INFO]-[main]-[org.springframework.boot.test.context.SpringBootTestContextBootstrapper.?:?] Neither @ContextConfiguration nor @ContextHierarchy found for test class [com.binginx.myboot.service.OrderServiceTest], using SpringBootContextLoader
2020-06-15 22:12:58,454[][INFO]-[main]-[org.springframework.test.context.support.AbstractContextLoader.?:?] Could not detect default resource locations for test class [com.binginx.myboot.service.OrderServiceTest]: no resource found for suffixes {-context.xml, Context.groovy}.
2020-06-15 22:12:58,455[][INFO]-[main]-[org.springframework.test.context.support.AnnotationConfigContextLoaderUtils.?:?] Could not detect default configuration classes for test class [com.binginx.myboot.service.OrderServiceTest]: OrderServiceTest does not declare any static, non-private, non-final, nested classes annotated with @Configuration.
2020-06-15 22:12:58,659[][INFO]-[main]-[org.springframework.boot.test.context.SpringBootTestContextBootstrapper.?:?] Found @SpringBootConfiguration com.binginx.myboot.MybootApplication for test class com.binginx.myboot.service.OrderServiceTest
2020-06-15 22:12:58,778[][INFO]-[main]-[org.springframework.boot.test.context.SpringBootTestContextBootstrapper.?:?] Loaded default TestExecutionListener class names from location [META-INF/spring.factories]: [org.springframework.boot.test.mock.mockito.MockitoTestExecutionListener, org.springframework.boot.test.mock.mockito.ResetMocksTestExecutionListener, org.springframework.boot.test.autoconfigure.restdocs.RestDocsTestExecutionListener, org.springframework.boot.test.autoconfigure.web.client.MockRestServiceServerResetTestExecutionListener, org.springframework.boot.test.autoconfigure.web.servlet.MockMvcPrintOnlyOnFailureTestExecutionListener, org.springframework.boot.test.autoconfigure.web.servlet.WebDriverTestExecutionListener, org.springframework.test.context.web.ServletTestExecutionListener, org.springframework.test.context.support.DirtiesContextBeforeModesTestExecutionListener, org.springframework.test.context.support.DependencyInjectionTestExecutionListener, org.springframework.test.context.support.DirtiesContextTestExecutionListener, org.springframework.test.context.transaction.TransactionalTestExecutionListener, org.springframework.test.context.jdbc.SqlScriptsTestExecutionListener, org.springframework.test.context.event.EventPublishingTestExecutionListener]
2020-06-15 22:12:58,798[][INFO]-[main]-[org.springframework.boot.test.context.SpringBootTestContextBootstrapper.?:?] Using TestExecutionListeners: [org.springframework.test.context.web.ServletTestExecutionListener@6b88ca8c, org.springframework.test.context.support.DirtiesContextBeforeModesTestExecutionListener@336f1079, org.springframework.boot.test.mock.mockito.MockitoTestExecutionListener@2f16c6b3, org.springframework.boot.test.autoconfigure.SpringBootDependencyInjectionTestExecutionListener@34158c08, org.springframework.test.context.support.DirtiesContextTestExecutionListener@19e4fcac, org.springframework.test.context.transaction.TransactionalTestExecutionListener@52c3cb31, org.springframework.test.context.jdbc.SqlScriptsTestExecutionListener@4b79ac84, org.springframework.test.context.event.EventPublishingTestExecutionListener@53941c2f, org.springframework.boot.test.mock.mockito.ResetMocksTestExecutionListener@6dab9b6d, org.springframework.boot.test.autoconfigure.restdocs.RestDocsTestExecutionListener@21fd5faa, org.springframework.boot.test.autoconfigure.web.client.MockRestServiceServerResetTestExecutionListener@2766ca9d, org.springframework.boot.test.autoconfigure.web.servlet.MockMvcPrintOnlyOnFailureTestExecutionListener@5460cf3a, org.springframework.boot.test.autoconfigure.web.servlet.WebDriverTestExecutionListener@65a15628]
2020-06-15 22:12:58,904[][INFO]-[background-preinit]-[org.hibernate.validator.internal.util.Version.?:?] HV000001: Hibernate Validator 6.0.18.Final
2020-06-15 22:12:59,226[][INFO]-[main]-[com.binginx.myboot.service.OrderServiceTest.?:?] Starting OrderServiceTest on AppledeMBP.lan with PID 30061 (started by binginx in /Users/binginx/IdeaProjects/myboot)
2020-06-15 22:12:59,227[][INFO]-[main]-[com.binginx.myboot.service.OrderServiceTest.?:?] No active profile set, falling back to default profiles: default
2020-06-15 22:13:43,455[][INFO]-[main]-[org.springframework.data.repository.config.RepositoryConfigurationDelegate.?:?] Multiple Spring Data modules found, entering strict repository configuration mode!
2020-06-15 22:14:11,508[][INFO]-[main]-[org.springframework.data.repository.config.RepositoryConfigurationDelegate.?:?] Bootstrapping Spring Data Redis repositories in DEFAULT mode.
2020-06-15 22:14:11,554[][INFO]-[main]-[org.springframework.data.repository.config.RepositoryConfigurationDelegate.?:?] Finished Spring Data repository scanning in 24ms. Found 0 Redis repository interfaces.
2020-06-15 22:14:12,114[][INFO]-[main]-[org.springframework.context.support.PostProcessorRegistrationDelegate$BeanPostProcessorChecker.?:?] Bean 'org.springframework.transaction.annotation.ProxyTransactionManagementConfiguration' of type [org.springframework.transaction.annotation.ProxyTransactionManagementConfiguration] is not eligible for getting processed by all BeanPostProcessors (for example: not eligible for auto-proxying)
2020-06-15 22:14:19,385[][INFO]-[main]-[org.springframework.scheduling.concurrent.ThreadPoolTaskExecutor.?:?] Initializing ExecutorService 'bootAsyncExecutor'
2020-06-15 22:14:20,863[][INFO]-[main]-[com.binginx.myboot.service.OrderServiceTest.?:?] Started OrderServiceTest in 82.009 seconds (JVM running for 83.868)
2020-06-15 22:14:21,165[][INFO]-[main]-[com.binginx.myboot.service.OrderService.?:?] {mciCluster1=191001|300504, mciCluster2=191010|160400|176000|176126, mciCluster3=191010|160400|176000|176126, mciCluster4=191001|300504|191010|160400|176000|176126}
2020-06-15 22:14:21,165[][INFO]-[main]-[com.binginx.myboot.service.OrderService.?:?] 191001|300504
2020-06-15 22:14:21,165[][INFO]-[main]-[com.binginx.myboot.service.OrderService.?:?] 191010|160400|176000|176126
2020-06-15 22:14:21,165[][INFO]-[main]-[com.binginx.myboot.service.OrderService.?:?] 191010|160400|176000|176126
2020-06-15 22:14:21,165[][INFO]-[main]-[com.binginx.myboot.service.OrderService.?:?] 191001|300504|191010|160400|176000|176126
2020-06-15 22:14:21,165[][INFO]-[main]-[com.binginx.myboot.service.OrderService.?:?] {1={191001=cltNo, 300504=cifNo}, 2={191001=cltNo, 300504=cifNo}}
2020-06-15 22:14:21,165[][INFO]-[main]-[com.binginx.myboot.service.OrderService.?:?] cltNo
2020-06-15 22:14:21,165[][INFO]-[main]-[com.binginx.myboot.service.OrderService.?:?] {300504={1=cifNo}, 191001={2=cltNo}, 191010={2=cltNo}, 160400={1=cifNo}, 176000={1=cifNbr}, 176126={1=cifNbr}}
2020-06-15 22:14:21,165[][INFO]-[main]-[com.binginx.myboot.service.OrderService.?:?] cltNo
2020-06-15 22:14:21,192[][INFO]-[SpringContextShutdownHook]-[org.springframework.scheduling.concurrent.ThreadPoolTaskExecutor.?:?] Shutting down ExecutorService 'bootAsyncExecutor'
2020-06-15 22:14:44,006[][INFO]-[main]-[org.springframework.boot.test.context.SpringBootTestContextBootstrapper.?:?] Neither @ContextConfiguration nor @ContextHierarchy found for test class [com.binginx.myboot.service.OrderServiceTest], using SpringBootContextLoader
2020-06-15 22:14:44,015[][INFO]-[main]-[org.springframework.test.context.support.AbstractContextLoader.?:?] Could not detect default resource locations for test class [com.binginx.myboot.service.OrderServiceTest]: no resource found for suffixes {-context.xml, Context.groovy}.
2020-06-15 22:14:44,016[][INFO]-[main]-[org.springframework.test.context.support.AnnotationConfigContextLoaderUtils.?:?] Could not detect default configuration classes for test class [com.binginx.myboot.service.OrderServiceTest]: OrderServiceTest does not declare any static, non-private, non-final, nested classes annotated with @Configuration.
2020-06-15 22:14:44,230[][INFO]-[main]-[org.springframework.boot.test.context.SpringBootTestContextBootstrapper.?:?] Found @SpringBootConfiguration com.binginx.myboot.MybootApplication for test class com.binginx.myboot.service.OrderServiceTest
2020-06-15 22:14:44,372[][INFO]-[main]-[org.springframework.boot.test.context.SpringBootTestContextBootstrapper.?:?] Loaded default TestExecutionListener class names from location [META-INF/spring.factories]: [org.springframework.boot.test.mock.mockito.MockitoTestExecutionListener, org.springframework.boot.test.mock.mockito.ResetMocksTestExecutionListener, org.springframework.boot.test.autoconfigure.restdocs.RestDocsTestExecutionListener, org.springframework.boot.test.autoconfigure.web.client.MockRestServiceServerResetTestExecutionListener, org.springframework.boot.test.autoconfigure.web.servlet.MockMvcPrintOnlyOnFailureTestExecutionListener, org.springframework.boot.test.autoconfigure.web.servlet.WebDriverTestExecutionListener, org.springframework.test.context.web.ServletTestExecutionListener, org.springframework.test.context.support.DirtiesContextBeforeModesTestExecutionListener, org.springframework.test.context.support.DependencyInjectionTestExecutionListener, org.springframework.test.context.support.DirtiesContextTestExecutionListener, org.springframework.test.context.transaction.TransactionalTestExecutionListener, org.springframework.test.context.jdbc.SqlScriptsTestExecutionListener, org.springframework.test.context.event.EventPublishingTestExecutionListener]
2020-06-15 22:14:44,397[][INFO]-[main]-[org.springframework.boot.test.context.SpringBootTestContextBootstrapper.?:?] Using TestExecutionListeners: [org.springframework.test.context.web.ServletTestExecutionListener@6b88ca8c, org.springframework.test.context.support.DirtiesContextBeforeModesTestExecutionListener@336f1079, org.springframework.boot.test.mock.mockito.MockitoTestExecutionListener@2f16c6b3, org.springframework.boot.test.autoconfigure.SpringBootDependencyInjectionTestExecutionListener@34158c08, org.springframework.test.context.support.DirtiesContextTestExecutionListener@19e4fcac, org.springframework.test.context.transaction.TransactionalTestExecutionListener@52c3cb31, org.springframework.test.context.jdbc.SqlScriptsTestExecutionListener@4b79ac84, org.springframework.test.context.event.EventPublishingTestExecutionListener@53941c2f, org.springframework.boot.test.mock.mockito.ResetMocksTestExecutionListener@6dab9b6d, org.springframework.boot.test.autoconfigure.restdocs.RestDocsTestExecutionListener@21fd5faa, org.springframework.boot.test.autoconfigure.web.client.MockRestServiceServerResetTestExecutionListener@2766ca9d, org.springframework.boot.test.autoconfigure.web.servlet.MockMvcPrintOnlyOnFailureTestExecutionListener@5460cf3a, org.springframework.boot.test.autoconfigure.web.servlet.WebDriverTestExecutionListener@65a15628]
2020-06-15 22:14:44,535[][INFO]-[background-preinit]-[org.hibernate.validator.internal.util.Version.?:?] HV000001: Hibernate Validator 6.0.18.Final
2020-06-15 22:14:44,992[][INFO]-[main]-[com.binginx.myboot.service.OrderServiceTest.?:?] Starting OrderServiceTest on AppledeMBP.lan with PID 30106 (started by binginx in /Users/binginx/IdeaProjects/myboot)
2020-06-15 22:14:44,993[][INFO]-[main]-[com.binginx.myboot.service.OrderServiceTest.?:?] No active profile set, falling back to default profiles: default
2020-06-15 22:14:45,668[][INFO]-[main]-[org.springframework.data.repository.config.RepositoryConfigurationDelegate.?:?] Multiple Spring Data modules found, entering strict repository configuration mode!
2020-06-15 22:14:45,672[][INFO]-[main]-[org.springframework.data.repository.config.RepositoryConfigurationDelegate.?:?] Bootstrapping Spring Data Redis repositories in DEFAULT mode.
2020-06-15 22:14:45,719[][INFO]-[main]-[org.springframework.data.repository.config.RepositoryConfigurationDelegate.?:?] Finished Spring Data repository scanning in 30ms. Found 0 Redis repository interfaces.
2020-06-15 22:14:46,262[][INFO]-[main]-[org.springframework.context.support.PostProcessorRegistrationDelegate$BeanPostProcessorChecker.?:?] Bean 'org.springframework.transaction.annotation.ProxyTransactionManagementConfiguration' of type [org.springframework.transaction.annotation.ProxyTransactionManagementConfiguration] is not eligible for getting processed by all BeanPostProcessors (for example: not eligible for auto-proxying)
2020-06-15 22:14:46,955[][INFO]-[main]-[org.springframework.scheduling.concurrent.ThreadPoolTaskExecutor.?:?] Initializing ExecutorService 'bootAsyncExecutor'
2020-06-15 22:14:48,309[][INFO]-[main]-[com.binginx.myboot.service.OrderServiceTest.?:?] Started OrderServiceTest in 3.839 seconds (JVM running for 5.425)
2020-06-15 22:14:58,587[][INFO]-[main]-[com.binginx.myboot.service.OrderService.?:?] {mciCluster1=191001|300504, mciCluster2=191010|160400|176000|176126, mciCluster3=191010|160400|176000|176126, mciCluster4=191001|300504|191010|160400|176000|176126}
2020-06-15 22:15:03,371[][INFO]-[main]-[com.binginx.myboot.service.OrderService.?:?] 191001|300504
2020-06-15 22:15:11,455[][INFO]-[main]-[com.binginx.myboot.service.OrderService.?:?] 191010|160400|176000|176126
2020-06-15 22:15:11,895[][INFO]-[main]-[com.binginx.myboot.service.OrderService.?:?] 191010|160400|176000|176126
2020-06-15 22:15:12,083[][INFO]-[main]-[com.binginx.myboot.service.OrderService.?:?] 191001|300504|191010|160400|176000|176126
2020-06-15 22:15:12,304[][INFO]-[main]-[com.binginx.myboot.service.OrderService.?:?] {1={191001=cltNo, 300504=cifNo}, 2={191001=cltNo, 300504=cifNo}}
2020-06-15 22:15:12,497[][INFO]-[main]-[com.binginx.myboot.service.OrderService.?:?] cltNo
2020-06-15 22:15:14,336[][INFO]-[main]-[com.binginx.myboot.service.OrderService.?:?] {300504={1=cifNo}, 191001={2=cltNo}, 191010={2=cltNo}, 160400={1=cifNo}, 176000={1=cifNbr}, 176126={1=cifNbr}}
2020-06-15 22:15:15,628[][INFO]-[main]-[com.binginx.myboot.service.OrderService.?:?] cltNo
2020-06-15 22:15:15,670[][INFO]-[SpringContextShutdownHook]-[org.springframework.scheduling.concurrent.ThreadPoolTaskExecutor.?:?] Shutting down ExecutorService 'bootAsyncExecutor'
2020-06-15 22:18:53,538[][INFO]-[main]-[org.springframework.boot.test.context.SpringBootTestContextBootstrapper.buildDefaultMergedContextConfiguration:308] Neither @ContextConfiguration nor @ContextHierarchy found for test class [com.binginx.myboot.service.OrderServiceTest], using SpringBootContextLoader
2020-06-15 22:18:53,549[][INFO]-[main]-[org.springframework.test.context.support.AbstractContextLoader.generateDefaultLocations:264] Could not detect default resource locations for test class [com.binginx.myboot.service.OrderServiceTest]: no resource found for suffixes {-context.xml, Context.groovy}.
2020-06-15 22:18:53,550[][INFO]-[main]-[org.springframework.test.context.support.AnnotationConfigContextLoaderUtils.detectDefaultConfigurationClasses:83] Could not detect default configuration classes for test class [com.binginx.myboot.service.OrderServiceTest]: OrderServiceTest does not declare any static, non-private, non-final, nested classes annotated with @Configuration.
2020-06-15 22:18:53,691[][INFO]-[main]-[org.springframework.boot.test.context.SpringBootTestContextBootstrapper.getOrFindConfigurationClasses:235] Found @SpringBootConfiguration com.binginx.myboot.MybootApplication for test class com.binginx.myboot.service.OrderServiceTest
2020-06-15 22:18:53,789[][INFO]-[main]-[org.springframework.boot.test.context.SpringBootTestContextBootstrapper.getDefaultTestExecutionListenerClassNames:248] Loaded default TestExecutionListener class names from location [META-INF/spring.factories]: [org.springframework.boot.test.mock.mockito.MockitoTestExecutionListener, org.springframework.boot.test.mock.mockito.ResetMocksTestExecutionListener, org.springframework.boot.test.autoconfigure.restdocs.RestDocsTestExecutionListener, org.springframework.boot.test.autoconfigure.web.client.MockRestServiceServerResetTestExecutionListener, org.springframework.boot.test.autoconfigure.web.servlet.MockMvcPrintOnlyOnFailureTestExecutionListener, org.springframework.boot.test.autoconfigure.web.servlet.WebDriverTestExecutionListener, org.springframework.test.context.web.ServletTestExecutionListener, org.springframework.test.context.support.DirtiesContextBeforeModesTestExecutionListener, org.springframework.test.context.support.DependencyInjectionTestExecutionListener, org.springframework.test.context.support.DirtiesContextTestExecutionListener, org.springframework.test.context.transaction.TransactionalTestExecutionListener, org.springframework.test.context.jdbc.SqlScriptsTestExecutionListener, org.springframework.test.context.event.EventPublishingTestExecutionListener]
2020-06-15 22:18:53,806[][INFO]-[main]-[org.springframework.boot.test.context.SpringBootTestContextBootstrapper.getTestExecutionListeners:177] Using TestExecutionListeners: [org.springframework.test.context.web.ServletTestExecutionListener@367ffa75, org.springframework.test.context.support.DirtiesContextBeforeModesTestExecutionListener@49438269, org.springframework.boot.test.mock.mockito.MockitoTestExecutionListener@ba2f4ec, org.springframework.boot.test.autoconfigure.SpringBootDependencyInjectionTestExecutionListener@1c1bbc4e, org.springframework.test.context.support.DirtiesContextTestExecutionListener@55fe41ea, org.springframework.test.context.transaction.TransactionalTestExecutionListener@fbd1f6, org.springframework.test.context.jdbc.SqlScriptsTestExecutionListener@1ce24091, org.springframework.test.context.event.EventPublishingTestExecutionListener@5dda768f, org.springframework.boot.test.mock.mockito.ResetMocksTestExecutionListener@7a8c8dcf, org.springframework.boot.test.autoconfigure.restdocs.RestDocsTestExecutionListener@24269709, org.springframework.boot.test.autoconfigure.web.client.MockRestServiceServerResetTestExecutionListener@2aceadd4, org.springframework.boot.test.autoconfigure.web.servlet.MockMvcPrintOnlyOnFailureTestExecutionListener@24aed80c, org.springframework.boot.test.autoconfigure.web.servlet.WebDriverTestExecutionListener@3a52dba3]
2020-06-15 22:18:53,896[][INFO]-[background-preinit]-[org.hibernate.validator.internal.util.Version.<clinit>:21] HV000001: Hibernate Validator 6.0.18.Final
2020-06-15 22:18:54,182[][INFO]-[main]-[com.binginx.myboot.service.OrderServiceTest.logStarting:55] Starting OrderServiceTest on AppledeMBP.lan with PID 30181 (started by binginx in /Users/binginx/IdeaProjects/myboot)
2020-06-15 22:18:54,183[][INFO]-[main]-[com.binginx.myboot.service.OrderServiceTest.logStartupProfileInfo:651] No active profile set, falling back to default profiles: default
2020-06-15 22:18:54,859[][INFO]-[main]-[org.springframework.data.repository.config.RepositoryConfigurationDelegate.multipleStoresDetected:249] Multiple Spring Data modules found, entering strict repository configuration mode!
2020-06-15 22:18:54,863[][INFO]-[main]-[org.springframework.data.repository.config.RepositoryConfigurationDelegate.registerRepositoriesIn:127] Bootstrapping Spring Data Redis repositories in DEFAULT mode.
2020-06-15 22:18:54,899[][INFO]-[main]-[org.springframework.data.repository.config.RepositoryConfigurationDelegate.registerRepositoriesIn:187] Finished Spring Data repository scanning in 23ms. Found 0 Redis repository interfaces.
2020-06-15 22:18:55,404[][INFO]-[main]-[org.springframework.context.support.PostProcessorRegistrationDelegate$BeanPostProcessorChecker.postProcessAfterInitialization:330] Bean 'org.springframework.transaction.annotation.ProxyTransactionManagementConfiguration' of type [org.springframework.transaction.annotation.ProxyTransactionManagementConfiguration] is not eligible for getting processed by all BeanPostProcessors (for example: not eligible for auto-proxying)
2020-06-15 22:18:56,029[][INFO]-[main]-[org.springframework.scheduling.concurrent.ThreadPoolTaskExecutor.initialize:171] Initializing ExecutorService 'bootAsyncExecutor'
2020-06-15 22:18:57,159[][INFO]-[main]-[com.binginx.myboot.service.OrderServiceTest.logStarted:61] Started OrderServiceTest in 3.302 seconds (JVM running for 4.308)
2020-06-15 22:18:57,334[][INFO]-[main]-[com.binginx.myboot.service.OrderService.valueOfMap:45] {mciCluster1=191001|300504, mciCluster2=191010|160400|176000|176126, mciCluster3=191010|160400|176000|176126, mciCluster4=191001|300504|191010|160400|176000|176126}
2020-06-15 22:18:57,335[][INFO]-[main]-[com.binginx.myboot.service.OrderService.valueOfMap:46] 191001|300504
2020-06-15 22:18:57,335[][INFO]-[main]-[com.binginx.myboot.service.OrderService.valueOfMap:47] 191010|160400|176000|176126
2020-06-15 22:18:57,335[][INFO]-[main]-[com.binginx.myboot.service.OrderService.valueOfMap:48] 191010|160400|176000|176126
2020-06-15 22:18:57,335[][INFO]-[main]-[com.binginx.myboot.service.OrderService.valueOfMap:49] 191001|300504|191010|160400|176000|176126
2020-06-15 22:18:57,336[][INFO]-[main]-[com.binginx.myboot.service.OrderService.valueOfMap:50] {1={191001=cltNo, 300504=cifNo}, 2={191001=cltNo, 300504=cifNo}}
2020-06-15 22:18:57,336[][INFO]-[main]-[com.binginx.myboot.service.OrderService.valueOfMap:51] cltNo
2020-06-15 22:18:57,336[][INFO]-[main]-[com.binginx.myboot.service.OrderService.valueOfMap:52] {300504={1=cifNo}, 191001={2=cltNo}, 191010={2=cltNo}, 160400={1=cifNo}, 176000={1=cifNbr}, 176126={1=cifNbr}}
2020-06-15 22:18:57,336[][INFO]-[main]-[com.binginx.myboot.service.OrderService.valueOfMap:53] cltNo
2020-06-15 22:18:57,358[][INFO]-[SpringContextShutdownHook]-[org.springframework.scheduling.concurrent.ThreadPoolTaskExecutor.shutdown:208] Shutting down ExecutorService 'bootAsyncExecutor'
2020-06-15 22:26:41,147[][INFO]-[main]-[org.springframework.boot.test.context.SpringBootTestContextBootstrapper.buildDefaultMergedContextConfiguration:308] Neither @ContextConfiguration nor @ContextHierarchy found for test class [com.binginx.myboot.service.OrderServiceTest], using SpringBootContextLoader
2020-06-15 22:26:41,157[][INFO]-[main]-[org.springframework.test.context.support.AbstractContextLoader.generateDefaultLocations:264] Could not detect default resource locations for test class [com.binginx.myboot.service.OrderServiceTest]: no resource found for suffixes {-context.xml, Context.groovy}.
2020-06-15 22:26:41,159[][INFO]-[main]-[org.springframework.test.context.support.AnnotationConfigContextLoaderUtils.detectDefaultConfigurationClasses:83] Could not detect default configuration classes for test class [com.binginx.myboot.service.OrderServiceTest]: OrderServiceTest does not declare any static, non-private, non-final, nested classes annotated with @Configuration.
2020-06-15 22:26:41,312[][INFO]-[main]-[org.springframework.boot.test.context.SpringBootTestContextBootstrapper.getOrFindConfigurationClasses:235] Found @SpringBootConfiguration com.binginx.myboot.MybootApplication for test class com.binginx.myboot.service.OrderServiceTest
2020-06-15 22:26:41,406[][INFO]-[main]-[org.springframework.boot.test.context.SpringBootTestContextBootstrapper.getDefaultTestExecutionListenerClassNames:248] Loaded default TestExecutionListener class names from location [META-INF/spring.factories]: [org.springframework.boot.test.mock.mockito.MockitoTestExecutionListener, org.springframework.boot.test.mock.mockito.ResetMocksTestExecutionListener, org.springframework.boot.test.autoconfigure.restdocs.RestDocsTestExecutionListener, org.springframework.boot.test.autoconfigure.web.client.MockRestServiceServerResetTestExecutionListener, org.springframework.boot.test.autoconfigure.web.servlet.MockMvcPrintOnlyOnFailureTestExecutionListener, org.springframework.boot.test.autoconfigure.web.servlet.WebDriverTestExecutionListener, org.springframework.test.context.web.ServletTestExecutionListener, org.springframework.test.context.support.DirtiesContextBeforeModesTestExecutionListener, org.springframework.test.context.support.DependencyInjectionTestExecutionListener, org.springframework.test.context.support.DirtiesContextTestExecutionListener, org.springframework.test.context.transaction.TransactionalTestExecutionListener, org.springframework.test.context.jdbc.SqlScriptsTestExecutionListener, org.springframework.test.context.event.EventPublishingTestExecutionListener]
2020-06-15 22:26:41,421[][INFO]-[main]-[org.springframework.boot.test.context.SpringBootTestContextBootstrapper.getTestExecutionListeners:177] Using TestExecutionListeners: [org.springframework.test.context.web.ServletTestExecutionListener@24269709, org.springframework.test.context.support.DirtiesContextBeforeModesTestExecutionListener@2aceadd4, org.springframework.boot.test.mock.mockito.MockitoTestExecutionListener@24aed80c, org.springframework.boot.test.autoconfigure.SpringBootDependencyInjectionTestExecutionListener@3a52dba3, org.springframework.test.context.support.DirtiesContextTestExecutionListener@2a5c8d3f, org.springframework.test.context.transaction.TransactionalTestExecutionListener@752325ad, org.springframework.test.context.jdbc.SqlScriptsTestExecutionListener@279fedbd, org.springframework.test.context.event.EventPublishingTestExecutionListener@b3ca52e, org.springframework.boot.test.mock.mockito.ResetMocksTestExecutionListener@45c7e403, org.springframework.boot.test.autoconfigure.restdocs.RestDocsTestExecutionListener@2925bf5b, org.springframework.boot.test.autoconfigure.web.client.MockRestServiceServerResetTestExecutionListener@710f4dc7, org.springframework.boot.test.autoconfigure.web.servlet.MockMvcPrintOnlyOnFailureTestExecutionListener@1ff4931d, org.springframework.boot.test.autoconfigure.web.servlet.WebDriverTestExecutionListener@65e98b1c]
2020-06-15 22:26:41,519[][INFO]-[background-preinit]-[org.hibernate.validator.internal.util.Version.<clinit>:21] HV000001: Hibernate Validator 6.0.18.Final
2020-06-15 22:26:41,809[][INFO]-[main]-[com.binginx.myboot.service.OrderServiceTest.logStarting:55] Starting OrderServiceTest on AppledeMBP.lan with PID 30318 (started by binginx in /Users/binginx/IdeaProjects/myboot)
2020-06-15 22:26:41,809[][INFO]-[main]-[com.binginx.myboot.service.OrderServiceTest.logStartupProfileInfo:651] No active profile set, falling back to default profiles: default
2020-06-15 22:26:42,474[][INFO]-[main]-[org.springframework.data.repository.config.RepositoryConfigurationDelegate.multipleStoresDetected:249] Multiple Spring Data modules found, entering strict repository configuration mode!
2020-06-15 22:26:42,478[][INFO]-[main]-[org.springframework.data.repository.config.RepositoryConfigurationDelegate.registerRepositoriesIn:127] Bootstrapping Spring Data Redis repositories in DEFAULT mode.
2020-06-15 22:26:42,513[][INFO]-[main]-[org.springframework.data.repository.config.RepositoryConfigurationDelegate.registerRepositoriesIn:187] Finished Spring Data repository scanning in 23ms. Found 0 Redis repository interfaces.
2020-06-15 22:26:42,989[][INFO]-[main]-[org.springframework.context.support.PostProcessorRegistrationDelegate$BeanPostProcessorChecker.postProcessAfterInitialization:330] Bean 'org.springframework.transaction.annotation.ProxyTransactionManagementConfiguration' of type [org.springframework.transaction.annotation.ProxyTransactionManagementConfiguration] is not eligible for getting processed by all BeanPostProcessors (for example: not eligible for auto-proxying)
2020-06-15 22:26:43,610[][INFO]-[main]-[org.springframework.scheduling.concurrent.ThreadPoolTaskExecutor.initialize:171] Initializing ExecutorService 'bootAsyncExecutor'
2020-06-15 22:26:44,875[][INFO]-[main]-[com.binginx.myboot.service.OrderServiceTest.logStarted:61] Started OrderServiceTest in 3.401 seconds (JVM running for 4.463)
2020-06-15 22:26:45,080[][INFO]-[main]-[com.binginx.myboot.service.OrderService.valueOfMap:45] {mciCluster1=191001|300504, mciCluster2=191010|160400|176000|176126, mciCluster3=191010|160400|176000|176126, mciCluster4=191001|300504|191010|160400|176000|176126}
2020-06-15 22:26:45,081[][INFO]-[main]-[com.binginx.myboot.service.OrderService.valueOfMap:46] 191001|300504
2020-06-15 22:26:45,081[][INFO]-[main]-[com.binginx.myboot.service.OrderService.valueOfMap:47] 191010|160400|176000|176126
2020-06-15 22:26:45,081[][INFO]-[main]-[com.binginx.myboot.service.OrderService.valueOfMap:48] 191010|160400|176000|176126
2020-06-15 22:26:45,081[][INFO]-[main]-[com.binginx.myboot.service.OrderService.valueOfMap:49] 191001|300504|191010|160400|176000|176126
2020-06-15 22:26:45,081[][INFO]-[main]-[com.binginx.myboot.service.OrderService.valueOfMap:50] {1={191001=cltNo, 300504=cifNo}, 2={191001=cltNo, 300504=cifNo}}
2020-06-15 22:26:45,081[][INFO]-[main]-[com.binginx.myboot.service.OrderService.valueOfMap:51] cltNo
2020-06-15 22:26:45,081[][INFO]-[main]-[com.binginx.myboot.service.OrderService.valueOfMap:52] {300504={1=cifNo}, 191001={2=cltNo}, 191010={2=cltNo}, 160400={1=cifNo}, 176000={1=cifNbr}, 176126={1=cifNbr}}
2020-06-15 22:26:45,082[][INFO]-[main]-[com.binginx.myboot.service.OrderService.valueOfMap:53] cltNo
2020-06-15 22:26:45,118[][INFO]-[SpringContextShutdownHook]-[org.springframework.scheduling.concurrent.ThreadPoolTaskExecutor.shutdown:208] Shutting down ExecutorService 'bootAsyncExecutor'
